[2018-12-19 15:48:26.551] [main] INFO org.springframework.context.support.PostProcessorRegistrationDelegate$BeanPostProcessorChecker main, - Bean 'org.springframework.cloud.autoconfigure.ConfigurationPropertiesRebinderAutoConfiguration' of type [org.springframework.cloud.autoconfigure.ConfigurationPropertiesRebinderAutoConfiguration$$EnhancerBySpringCGLIB$$f0ecac62] is not eligible for getting processed by all BeanPostProcessors (for example: not eligible for auto-proxying)
[2018-12-19 15:48:27.451] [main] INFO org.springframework.boot.SpringApplication main, - The following profiles are active: node1
[2018-12-19 15:48:29.801] [main] INFO org.springframework.cloud.context.scope.GenericScope main, - BeanFactory id=22eddef2-2828-34b5-a2ca-ed44af914bee
[2018-12-19 15:48:29.999] [main] INFO org.springframework.context.support.PostProcessorRegistrationDelegate$BeanPostProcessorChecker main, - Bean 'org.springframework.cloud.autoconfigure.ConfigurationPropertiesRebinderAutoConfiguration' of type [org.springframework.cloud.autoconfigure.ConfigurationPropertiesRebinderAutoConfiguration$$EnhancerBySpringCGLIB$$f0ecac62] is not eligible for getting processed by all BeanPostProcessors (for example: not eligible for auto-proxying)
[2018-12-19 15:48:31.140] [main] INFO org.springframework.boot.web.embedded.tomcat.TomcatWebServer main, - Tomcat initialized with port(s): 8888 (http)
[2018-12-19 15:48:31.245] [main] INFO org.apache.juli.logging.DirectJDKLog main, - Starting service [Tomcat]
[2018-12-19 15:48:31.256] [main] INFO org.apache.juli.logging.DirectJDKLog main, - Starting Servlet Engine: Apache Tomcat/9.0.13
[2018-12-19 15:48:31.303] [main] INFO org.apache.juli.logging.DirectJDKLog main, - The APR based Apache Tomcat Native library which allows optimal performance in production environments was not found on the java.library.path: [C:\ProgramData\Oracle\Java\javapath;C:\WINDOWS\Sun\Java\bin;C:\WINDOWS\system32;C:\WINDOWS;C:\Program Files\Docker\Docker\Resources\bin;C:\ProgramData\Oracle\Java\javapath;C:\Windows\system32;C:\Windows;C:\Windows\System32\Wbem;C:\Windows\System32\WindowsPowerShell\v1.0\;C:\Program Files (x86)\NVIDIA Corporation\PhysX\Common;C:\Program Files\Intel\WiFi\bin\;C:\Program Files\Common Files\Intel\WirelessCommon\;$JAVA_HOME\bin;$JAVA_HOME\dt.jar;$JAVA_HOME\tools.jar;C:\Program Files\TortoiseSVN\bin;C:\Program Files\Git\cmd;C:\Program Files\dotnet\;C:\WINDOWS\system32;C:\WINDOWS;C:\WINDOWS\System32\Wbem;C:\WINDOWS\System32\WindowsPowerShell\v1.0\;C:\Program Files (x86)\GtkSharp\2.12\bin;C:\Program Files\PuTTY\;C:\WINDOWS\System32\OpenSSH\;C:\Program Files\Microsoft VS Code\bin;C:\apache-maven-3.5.4\bin;C:\Program Files\Microsoft SQL Server\130\Tools\Binn\;C:\Users\robbie\AppData\Local\Microsoft\WindowsApps;C:\Python27\python.exe;C:\Python27;C:\Program Files\Microsoft VS Code\bin;C:\Users\robbie\AppData\Local\Microsoft\WindowsApps;;C:\Program Files\JetBrains\IntelliJ IDEA 2018.3\bin;;.]
[2018-12-19 15:48:31.560] [main] INFO org.apache.juli.logging.DirectJDKLog main, - Initializing Spring embedded WebApplicationContext
[2018-12-19 15:48:31.575] [main] INFO org.springframework.boot.web.servlet.context.ServletWebServerApplicationContext main, - Root WebApplicationContext: initialization completed in 4102 ms
[2018-12-19 15:48:32.093] [main] INFO com.netflix.config.sources.URLConfigurationSource main, - To enable URLs as dynamic configuration sources, define System property archaius.configurationSource.additionalUrls or make config.properties available on classpath.
[2018-12-19 15:48:32.180] [main] INFO com.netflix.config.DynamicPropertyFactory main, - DynamicPropertyFactory is initialized with configuration sources: com.netflix.config.ConcurrentCompositeConfiguration@4f704591
[2018-12-19 15:48:36.410] [main] INFO com.sun.jersey.server.impl.application.WebApplicationImpl main, - Initiating Jersey application, version 'Jersey: 1.19 02/11/2015 05:39 AM'
[2018-12-19 15:48:36.794] [main] INFO com.netflix.discovery.provider.DiscoveryJerseyProvider main, - Using JSON encoding codec LegacyJacksonJson
[2018-12-19 15:48:36.810] [main] INFO com.netflix.discovery.provider.DiscoveryJerseyProvider main, - Using JSON decoding codec LegacyJacksonJson
[2018-12-19 15:48:37.432] [main] INFO com.netflix.discovery.provider.DiscoveryJerseyProvider main, - Using XML encoding codec XStreamXml
[2018-12-19 15:48:37.438] [main] INFO com.netflix.discovery.provider.DiscoveryJerseyProvider main, - Using XML decoding codec XStreamXml
[2018-12-19 15:48:39.181] [main] INFO org.springframework.context.support.PostProcessorRegistrationDelegate$BeanPostProcessorChecker main, - Bean 'org.springframework.cloud.autoconfigure.ConfigurationPropertiesRebinderAutoConfiguration' of type [org.springframework.cloud.autoconfigure.ConfigurationPropertiesRebinderAutoConfiguration$$EnhancerBySpringCGLIB$$bef36ca5] is not eligible for getting processed by all BeanPostProcessors (for example: not eligible for auto-proxying)
[2018-12-19 15:48:39.528] [main] INFO com.netflix.config.sources.URLConfigurationSource main, - To enable URLs as dynamic configuration sources, define System property archaius.configurationSource.additionalUrls or make config.properties available on classpath.
[2018-12-19 15:48:40.096] [main] INFO org.springframework.scheduling.concurrent.ExecutorConfigurationSupport main, - Initializing ExecutorService 'applicationTaskExecutor'
[2018-12-19 15:48:42.364] [main] INFO org.springframework.boot.SpringApplication main, - The following profiles are active: node2
[2018-12-19 15:48:43.768] [main] INFO org.springframework.cloud.netflix.eureka.InstanceInfoFactory main, - Setting initial instance status as: STARTING
[2018-12-19 15:48:43.890] [main] INFO com.netflix.discovery.DiscoveryClient main, - Initializing Eureka in region us-east-1
[2018-12-19 15:48:43.896] [main] INFO com.netflix.discovery.DiscoveryClient main, - Client configured to neither register nor query for data.
[2018-12-19 15:48:43.964] [main] INFO com.netflix.discovery.DiscoveryClient main, - Discovery Client initialized at timestamp 1545205723962 with initial instances count: 0
[2018-12-19 15:48:44.153] [main] INFO com.netflix.eureka.DefaultEurekaServerContext main, - Initializing ...
[2018-12-19 15:48:44.301] [main] INFO com.netflix.eureka.cluster.PeerEurekaNodes main, - Adding new peer nodes [http://node2:9999/eureka/]
[2018-12-19 15:48:46.012] [main] INFO org.springframework.cloud.context.scope.GenericScope main, - BeanFactory id=22eddef2-2828-34b5-a2ca-ed44af914bee
[2018-12-19 15:48:46.359] [main] INFO org.springframework.context.support.PostProcessorRegistrationDelegate$BeanPostProcessorChecker main, - Bean 'org.springframework.cloud.autoconfigure.ConfigurationPropertiesRebinderAutoConfiguration' of type [org.springframework.cloud.autoconfigure.ConfigurationPropertiesRebinderAutoConfiguration$$EnhancerBySpringCGLIB$$bef36ca5] is not eligible for getting processed by all BeanPostProcessors (for example: not eligible for auto-proxying)
[2018-12-19 15:48:46.640] [main] INFO com.netflix.discovery.provider.DiscoveryJerseyProvider main, - Using JSON encoding codec LegacyJacksonJson
[2018-12-19 15:48:46.658] [main] INFO com.netflix.discovery.provider.DiscoveryJerseyProvider main, - Using JSON decoding codec LegacyJacksonJson
[2018-12-19 15:48:46.669] [main] INFO com.netflix.discovery.provider.DiscoveryJerseyProvider main, - Using XML encoding codec XStreamXml
[2018-12-19 15:48:46.677] [main] INFO com.netflix.discovery.provider.DiscoveryJerseyProvider main, - Using XML decoding codec XStreamXml
[2018-12-19 15:48:47.251] [main] INFO com.netflix.eureka.cluster.PeerEurekaNodes main, - Replica node URL:  http://node2:9999/eureka/
[2018-12-19 15:48:47.293] [main] INFO com.netflix.eureka.registry.AbstractInstanceRegistry main, - Finished initializing remote region registries. All known remote regions: []
[2018-12-19 15:48:47.299] [main] INFO com.netflix.eureka.DefaultEurekaServerContext main, - Initialized
[2018-12-19 15:48:47.348] [main] INFO org.springframework.boot.actuate.endpoint.web.EndpointLinksResolver main, - Exposing 2 endpoint(s) beneath base path '/actuator'
[2018-12-19 15:48:47.660] [main] INFO org.springframework.cloud.netflix.eureka.serviceregistry.EurekaServiceRegistry main, - Registering application SBC-SERVICE-CENTER with eureka with status UP
[2018-12-19 15:48:47.725] [Thread-13] INFO org.springframework.cloud.netflix.eureka.server.EurekaServerBootstrap Thread-13, - Setting the eureka configuration..
[2018-12-19 15:48:47.768] [Thread-13] INFO org.springframework.cloud.netflix.eureka.server.EurekaServerBootstrap Thread-13, - Eureka data center value eureka.datacenter is not set, defaulting to default
[2018-12-19 15:48:47.798] [Thread-13] INFO org.springframework.cloud.netflix.eureka.server.EurekaServerBootstrap Thread-13, - Eureka environment value eureka.environment is not set, defaulting to test
[2018-12-19 15:48:47.874] [main] INFO org.springframework.boot.web.embedded.tomcat.TomcatWebServer main, - Tomcat started on port(s): 8888 (http) with context path ''
[2018-12-19 15:48:47.892] [main] INFO org.springframework.cloud.netflix.eureka.serviceregistry.EurekaAutoServiceRegistration main, - Updating port to 8888
[2018-12-19 15:48:47.924] [main] INFO org.springframework.boot.StartupInfoLogger main, - Started CloudServiceCenterApplication in 23.834 seconds (JVM running for 24.709)
[2018-12-19 15:48:47.928] [Thread-13] INFO org.springframework.cloud.netflix.eureka.server.EurekaServerBootstrap Thread-13, - isAws returned false
[2018-12-19 15:48:47.934] [Thread-13] INFO org.springframework.cloud.netflix.eureka.server.EurekaServerBootstrap Thread-13, - Initialized server context
[2018-12-19 15:48:47.936] [Thread-13] INFO com.netflix.eureka.registry.PeerAwareInstanceRegistryImpl Thread-13, - Got 1 instances from neighboring DS node
[2018-12-19 15:48:47.950] [Thread-13] INFO com.netflix.eureka.registry.PeerAwareInstanceRegistryImpl Thread-13, - Renew threshold is: 1
[2018-12-19 15:48:47.953] [Thread-13] INFO com.netflix.eureka.registry.PeerAwareInstanceRegistryImpl Thread-13, - Changing status to UP
[2018-12-19 15:48:47.987] [Thread-13] INFO org.springframework.cloud.netflix.eureka.server.EurekaServerInitializerConfiguration$1 Thread-13, - Started Eureka Server
[2018-12-19 15:48:48.015] [main] INFO me.robbie.cloudservicecenter.CloudServiceCenterApplication main, - Cloud service center(Eureka server) is started.
[2018-12-19 15:48:48.743] [main] INFO org.springframework.boot.web.embedded.tomcat.TomcatWebServer main, - Tomcat initialized with port(s): 9999 (http)
[2018-12-19 15:48:48.809] [main] INFO org.apache.juli.logging.DirectJDKLog main, - Starting service [Tomcat]
[2018-12-19 15:48:48.811] [main] INFO org.apache.juli.logging.DirectJDKLog main, - Starting Servlet Engine: Apache Tomcat/9.0.13
[2018-12-19 15:48:48.853] [main] INFO org.apache.juli.logging.DirectJDKLog main, - The APR based Apache Tomcat Native library which allows optimal performance in production environments was not found on the java.library.path: [C:\ProgramData\Oracle\Java\javapath;C:\WINDOWS\Sun\Java\bin;C:\WINDOWS\system32;C:\WINDOWS;C:\Program Files\Docker\Docker\Resources\bin;C:\ProgramData\Oracle\Java\javapath;C:\Windows\system32;C:\Windows;C:\Windows\System32\Wbem;C:\Windows\System32\WindowsPowerShell\v1.0\;C:\Program Files (x86)\NVIDIA Corporation\PhysX\Common;C:\Program Files\Intel\WiFi\bin\;C:\Program Files\Common Files\Intel\WirelessCommon\;$JAVA_HOME\bin;$JAVA_HOME\dt.jar;$JAVA_HOME\tools.jar;C:\Program Files\TortoiseSVN\bin;C:\Program Files\Git\cmd;C:\Program Files\dotnet\;C:\WINDOWS\system32;C:\WINDOWS;C:\WINDOWS\System32\Wbem;C:\WINDOWS\System32\WindowsPowerShell\v1.0\;C:\Program Files (x86)\GtkSharp\2.12\bin;C:\Program Files\PuTTY\;C:\WINDOWS\System32\OpenSSH\;C:\Program Files\Microsoft VS Code\bin;C:\apache-maven-3.5.4\bin;C:\Program Files\Microsoft SQL Server\130\Tools\Binn\;C:\Users\robbie\AppData\Local\Microsoft\WindowsApps;C:\Python27\python.exe;C:\Python27;C:\Program Files\Microsoft VS Code\bin;C:\Users\robbie\AppData\Local\Microsoft\WindowsApps;;C:\Program Files\JetBrains\IntelliJ IDEA 2018.3\bin;;.]
[2018-12-19 15:48:48.986] [main] INFO org.apache.juli.logging.DirectJDKLog main, - Initializing Spring embedded WebApplicationContext
[2018-12-19 15:48:48.987] [main] INFO org.springframework.boot.web.servlet.context.ServletWebServerApplicationContext main, - Root WebApplicationContext: initialization completed in 6557 ms
[2018-12-19 15:48:49.189] [main] INFO com.netflix.config.sources.URLConfigurationSource main, - To enable URLs as dynamic configuration sources, define System property archaius.configurationSource.additionalUrls or make config.properties available on classpath.
[2018-12-19 15:48:49.247] [main] INFO com.netflix.config.DynamicPropertyFactory main, - DynamicPropertyFactory is initialized with configuration sources: com.netflix.config.ConcurrentCompositeConfiguration@1863d2fe
[2018-12-19 15:48:50.956] [main] INFO com.sun.jersey.server.impl.application.WebApplicationImpl main, - Initiating Jersey application, version 'Jersey: 1.19 02/11/2015 05:39 AM'
[2018-12-19 15:48:51.062] [main] INFO com.netflix.discovery.provider.DiscoveryJerseyProvider main, - Using JSON encoding codec LegacyJacksonJson
[2018-12-19 15:48:51.067] [main] INFO com.netflix.discovery.provider.DiscoveryJerseyProvider main, - Using JSON decoding codec LegacyJacksonJson
[2018-12-19 15:48:51.355] [main] INFO com.netflix.discovery.provider.DiscoveryJerseyProvider main, - Using XML encoding codec XStreamXml
[2018-12-19 15:48:51.356] [main] INFO com.netflix.discovery.provider.DiscoveryJerseyProvider main, - Using XML decoding codec XStreamXml
[2018-12-19 15:48:52.329] [main] INFO com.netflix.config.sources.URLConfigurationSource main, - To enable URLs as dynamic configuration sources, define System property archaius.configurationSource.additionalUrls or make config.properties available on classpath.
[2018-12-19 15:48:52.823] [main] INFO org.springframework.scheduling.concurrent.ExecutorConfigurationSupport main, - Initializing ExecutorService 'applicationTaskExecutor'
[2018-12-19 15:48:55.311] [http-nio-8888-exec-10] INFO org.apache.juli.logging.DirectJDKLog http-nio-8888-exec-10, - Error parsing HTTP request header
 Note: further occurrences of HTTP request parsing errors will be logged at DEBUG level.
java.lang.IllegalArgumentException: Invalid character found in method name. HTTP method names must be tokens
	at org.apache.coyote.http11.Http11InputBuffer.parseRequestLine(Http11InputBuffer.java:414)
	at org.apache.coyote.http11.Http11Processor.service(Http11Processor.java:294)
	at org.apache.coyote.AbstractProcessorLight.process(AbstractProcessorLight.java:66)
	at org.apache.coyote.AbstractProtocol$ConnectionHandler.process(AbstractProtocol.java:791)
	at org.apache.tomcat.util.net.NioEndpoint$SocketProcessor.doRun(NioEndpoint.java:1417)
	at org.apache.tomcat.util.net.SocketProcessorBase.run(SocketProcessorBase.java:49)
	at java.util.concurrent.ThreadPoolExecutor.runWorker(Unknown Source)
	at java.util.concurrent.ThreadPoolExecutor$Worker.run(Unknown Source)
	at org.apache.tomcat.util.threads.TaskThread$WrappingRunnable.run(TaskThread.java:61)
	at java.lang.Thread.run(Unknown Source)
[2018-12-19 15:48:56.037] [main] INFO org.springframework.cloud.netflix.eureka.InstanceInfoFactory main, - Setting initial instance status as: STARTING
[2018-12-19 15:48:56.140] [main] INFO com.netflix.discovery.DiscoveryClient main, - Initializing Eureka in region us-east-1
[2018-12-19 15:48:56.149] [main] INFO com.netflix.discovery.DiscoveryClient main, - Client configured to neither register nor query for data.
[2018-12-19 15:48:56.198] [main] INFO com.netflix.discovery.DiscoveryClient main, - Discovery Client initialized at timestamp 1545205736195 with initial instances count: 0
[2018-12-19 15:48:56.339] [main] INFO com.netflix.eureka.DefaultEurekaServerContext main, - Initializing ...
[2018-12-19 15:48:56.447] [main] INFO com.netflix.eureka.cluster.PeerEurekaNodes main, - Adding new peer nodes [http://node1:8888/eureka/]
[2018-12-19 15:48:57.206] [main] INFO com.netflix.discovery.provider.DiscoveryJerseyProvider main, - Using JSON encoding codec LegacyJacksonJson
[2018-12-19 15:48:57.209] [main] INFO com.netflix.discovery.provider.DiscoveryJerseyProvider main, - Using JSON decoding codec LegacyJacksonJson
[2018-12-19 15:48:57.211] [main] INFO com.netflix.discovery.provider.DiscoveryJerseyProvider main, - Using XML encoding codec XStreamXml
[2018-12-19 15:48:57.214] [main] INFO com.netflix.discovery.provider.DiscoveryJerseyProvider main, - Using XML decoding codec XStreamXml
[2018-12-19 15:48:57.412] [main] INFO com.netflix.eureka.cluster.PeerEurekaNodes main, - Replica node URL:  http://node1:8888/eureka/
[2018-12-19 15:48:57.428] [main] INFO com.netflix.eureka.registry.AbstractInstanceRegistry main, - Finished initializing remote region registries. All known remote regions: []
[2018-12-19 15:48:57.441] [main] INFO com.netflix.eureka.DefaultEurekaServerContext main, - Initialized
[2018-12-19 15:48:57.480] [main] INFO org.springframework.boot.actuate.endpoint.web.EndpointLinksResolver main, - Exposing 2 endpoint(s) beneath base path '/actuator'
[2018-12-19 15:48:57.711] [main] INFO org.springframework.cloud.netflix.eureka.serviceregistry.EurekaServiceRegistry main, - Registering application SBC-SERVICE-CENTER with eureka with status UP
[2018-12-19 15:48:57.743] [Thread-13] INFO org.springframework.cloud.netflix.eureka.server.EurekaServerBootstrap Thread-13, - Setting the eureka configuration..
[2018-12-19 15:48:57.751] [Thread-13] INFO org.springframework.cloud.netflix.eureka.server.EurekaServerBootstrap Thread-13, - Eureka data center value eureka.datacenter is not set, defaulting to default
[2018-12-19 15:48:57.776] [Thread-13] INFO org.springframework.cloud.netflix.eureka.server.EurekaServerBootstrap Thread-13, - Eureka environment value eureka.environment is not set, defaulting to test
[2018-12-19 15:48:57.887] [Thread-13] INFO org.springframework.cloud.netflix.eureka.server.EurekaServerBootstrap Thread-13, - isAws returned false
[2018-12-19 15:48:57.915] [Thread-13] INFO org.springframework.cloud.netflix.eureka.server.EurekaServerBootstrap Thread-13, - Initialized server context
[2018-12-19 15:48:57.924] [Thread-13] INFO com.netflix.eureka.registry.PeerAwareInstanceRegistryImpl Thread-13, - Got 1 instances from neighboring DS node
[2018-12-19 15:48:57.920] [main] INFO org.springframework.boot.web.embedded.tomcat.TomcatWebServer main, - Tomcat started on port(s): 9999 (http) with context path ''
[2018-12-19 15:48:57.930] [Thread-13] INFO com.netflix.eureka.registry.PeerAwareInstanceRegistryImpl Thread-13, - Renew threshold is: 1
[2018-12-19 15:48:57.954] [main] INFO org.springframework.cloud.netflix.eureka.serviceregistry.EurekaAutoServiceRegistration main, - Updating port to 9999
[2018-12-19 15:48:57.932] [Thread-13] INFO com.netflix.eureka.registry.PeerAwareInstanceRegistryImpl Thread-13, - Changing status to UP
[2018-12-19 15:48:57.979] [main] INFO org.springframework.boot.StartupInfoLogger main, - Started CloudServiceCenterApplication in 24.989 seconds (JVM running for 26.986)
[2018-12-19 15:48:58.002] [Thread-13] INFO org.springframework.cloud.netflix.eureka.server.EurekaServerInitializerConfiguration$1 Thread-13, - Started Eureka Server
[2018-12-19 15:48:58.030] [main] INFO me.robbie.cloudservicecenter.CloudServiceCenterApplication main, - Cloud service center(Eureka server) is started.
[2018-12-19 15:49:34.116] [http-nio-8888-exec-6] INFO org.apache.juli.logging.DirectJDKLog http-nio-8888-exec-6, - Initializing Spring DispatcherServlet 'dispatcherServlet'
[2018-12-19 15:49:34.117] [http-nio-8888-exec-6] INFO org.springframework.web.servlet.FrameworkServlet http-nio-8888-exec-6, - Initializing Servlet 'dispatcherServlet'
[2018-12-19 15:49:34.133] [http-nio-8888-exec-6] INFO org.springframework.web.servlet.FrameworkServlet http-nio-8888-exec-6, - Completed initialization in 15 ms
[2018-12-19 15:49:34.609] [http-nio-8888-exec-5] INFO com.netflix.eureka.registry.AbstractInstanceRegistry http-nio-8888-exec-5, - Registered instance DEMO-SERVICE/DESKTOP-TD72BNQ.mshome.net:demo-service:8181 with status UP (replication=false)
[2018-12-19 15:49:35.443] [http-nio-9999-exec-7] INFO org.apache.juli.logging.DirectJDKLog http-nio-9999-exec-7, - Initializing Spring DispatcherServlet 'dispatcherServlet'
[2018-12-19 15:49:35.481] [http-nio-9999-exec-7] INFO org.springframework.web.servlet.FrameworkServlet http-nio-9999-exec-7, - Initializing Servlet 'dispatcherServlet'
[2018-12-19 15:49:35.500] [http-nio-9999-exec-7] INFO org.springframework.web.servlet.FrameworkServlet http-nio-9999-exec-7, - Completed initialization in 17 ms
[2018-12-19 15:49:35.991] [http-nio-9999-exec-7] INFO com.netflix.eureka.registry.AbstractInstanceRegistry http-nio-9999-exec-7, - Registered instance DEMO-SERVICE/DESKTOP-TD72BNQ.mshome.net:demo-service:8181 with status UP (replication=true)
[2018-12-19 15:49:47.986] [Eureka-EvictionTimer] INFO com.netflix.eureka.registry.AbstractInstanceRegistry$EvictionTask Eureka-EvictionTimer, - Running the evict task with compensationTime 0ms
[2018-12-19 15:49:57.969] [Eureka-EvictionTimer] INFO com.netflix.eureka.registry.AbstractInstanceRegistry$EvictionTask Eureka-EvictionTimer, - Running the evict task with compensationTime 0ms
[2018-12-19 15:50:05.869] [http-nio-8888-exec-6] INFO org.apache.juli.logging.DirectJDKLog http-nio-8888-exec-6, - Error parsing HTTP request header
 Note: further occurrences of HTTP request parsing errors will be logged at DEBUG level.
java.lang.IllegalArgumentException: Invalid character found in method name. HTTP method names must be tokens
	at org.apache.coyote.http11.Http11InputBuffer.parseRequestLine(Http11InputBuffer.java:414)
	at org.apache.coyote.http11.Http11Processor.service(Http11Processor.java:294)
	at org.apache.coyote.AbstractProcessorLight.process(AbstractProcessorLight.java:66)
	at org.apache.coyote.AbstractProtocol$ConnectionHandler.process(AbstractProtocol.java:791)
	at org.apache.tomcat.util.net.NioEndpoint$SocketProcessor.doRun(NioEndpoint.java:1417)
	at org.apache.tomcat.util.net.SocketProcessorBase.run(SocketProcessorBase.java:49)
	at java.util.concurrent.ThreadPoolExecutor.runWorker(Unknown Source)
	at java.util.concurrent.ThreadPoolExecutor$Worker.run(Unknown Source)
	at org.apache.tomcat.util.threads.TaskThread$WrappingRunnable.run(TaskThread.java:61)
	at java.lang.Thread.run(Unknown Source)
[2018-12-19 15:50:47.977] [Eureka-EvictionTimer] INFO com.netflix.eureka.registry.AbstractInstanceRegistry$EvictionTask Eureka-EvictionTimer, - Running the evict task with compensationTime 0ms
[2018-12-19 15:50:57.970] [Eureka-EvictionTimer] INFO com.netflix.eureka.registry.AbstractInstanceRegistry$EvictionTask Eureka-EvictionTimer, - Running the evict task with compensationTime 0ms
[2018-12-19 15:51:47.977] [Eureka-EvictionTimer] INFO com.netflix.eureka.registry.AbstractInstanceRegistry$EvictionTask Eureka-EvictionTimer, - Running the evict task with compensationTime 0ms
[2018-12-19 15:51:57.971] [Eureka-EvictionTimer] INFO com.netflix.eureka.registry.AbstractInstanceRegistry$EvictionTask Eureka-EvictionTimer, - Running the evict task with compensationTime 0ms
[2018-12-19 15:52:47.977] [Eureka-EvictionTimer] INFO com.netflix.eureka.registry.AbstractInstanceRegistry$EvictionTask Eureka-EvictionTimer, - Running the evict task with compensationTime 0ms
[2018-12-19 15:52:57.972] [Eureka-EvictionTimer] INFO com.netflix.eureka.registry.AbstractInstanceRegistry$EvictionTask Eureka-EvictionTimer, - Running the evict task with compensationTime 1ms
[2018-12-19 15:53:47.978] [Eureka-EvictionTimer] INFO com.netflix.eureka.registry.AbstractInstanceRegistry$EvictionTask Eureka-EvictionTimer, - Running the evict task with compensationTime 0ms
[2018-12-19 15:53:57.972] [Eureka-EvictionTimer] INFO com.netflix.eureka.registry.AbstractInstanceRegistry$EvictionTask Eureka-EvictionTimer, - Running the evict task with compensationTime 0ms
[2018-12-19 15:54:21.366] [http-nio-8888-exec-10] INFO com.netflix.eureka.registry.AbstractInstanceRegistry http-nio-8888-exec-10, - Registered instance DEMO-SERVICE/DESKTOP-TD72BNQ.mshome.net:demo-service:8181 with status DOWN (replication=false)
[2018-12-19 15:54:21.885] [http-nio-9999-exec-7] INFO com.netflix.eureka.registry.AbstractInstanceRegistry http-nio-9999-exec-7, - Registered instance DEMO-SERVICE/DESKTOP-TD72BNQ.mshome.net:demo-service:8181 with status DOWN (replication=true)
[2018-12-19 15:54:24.400] [http-nio-8888-exec-2] INFO com.netflix.eureka.registry.AbstractInstanceRegistry http-nio-8888-exec-2, - Cancelled instance DEMO-SERVICE/DESKTOP-TD72BNQ.mshome.net:demo-service:8181 (replication=false)
[2018-12-19 15:54:24.915] [http-nio-9999-exec-10] INFO com.netflix.eureka.registry.AbstractInstanceRegistry http-nio-9999-exec-10, - Cancelled instance DEMO-SERVICE/DESKTOP-TD72BNQ.mshome.net:demo-service:8181 (replication=true)
[2018-12-19 15:54:47.978] [Eureka-EvictionTimer] INFO com.netflix.eureka.registry.AbstractInstanceRegistry$EvictionTask Eureka-EvictionTimer, - Running the evict task with compensationTime 0ms
[2018-12-19 15:54:57.972] [Eureka-EvictionTimer] INFO com.netflix.eureka.registry.AbstractInstanceRegistry$EvictionTask Eureka-EvictionTimer, - Running the evict task with compensationTime 0ms
[2018-12-19 15:55:47.124] [http-nio-8888-exec-8] INFO com.netflix.eureka.registry.AbstractInstanceRegistry http-nio-8888-exec-8, - Registered instance DEMO-SERVICE/DESKTOP-TD72BNQ.mshome.net:demo-service:8181 with status UP (replication=false)
[2018-12-19 15:55:47.645] [http-nio-9999-exec-8] INFO com.netflix.eureka.registry.AbstractInstanceRegistry http-nio-9999-exec-8, - Registered instance DEMO-SERVICE/DESKTOP-TD72BNQ.mshome.net:demo-service:8181 with status UP (replication=true)
[2018-12-19 15:55:47.978] [Eureka-EvictionTimer] INFO com.netflix.eureka.registry.AbstractInstanceRegistry$EvictionTask Eureka-EvictionTimer, - Running the evict task with compensationTime 0ms
[2018-12-19 15:55:57.972] [Eureka-EvictionTimer] INFO com.netflix.eureka.registry.AbstractInstanceRegistry$EvictionTask Eureka-EvictionTimer, - Running the evict task with compensationTime 0ms
[2018-12-19 15:56:47.979] [Eureka-EvictionTimer] INFO com.netflix.eureka.registry.AbstractInstanceRegistry$EvictionTask Eureka-EvictionTimer, - Running the evict task with compensationTime 0ms
[2018-12-19 15:56:57.972] [Eureka-EvictionTimer] INFO com.netflix.eureka.registry.AbstractInstanceRegistry$EvictionTask Eureka-EvictionTimer, - Running the evict task with compensationTime 0ms
[2018-12-19 15:57:47.980] [Eureka-EvictionTimer] INFO com.netflix.eureka.registry.AbstractInstanceRegistry$EvictionTask Eureka-EvictionTimer, - Running the evict task with compensationTime 1ms
[2018-12-19 15:57:57.972] [Eureka-EvictionTimer] INFO com.netflix.eureka.registry.AbstractInstanceRegistry$EvictionTask Eureka-EvictionTimer, - Running the evict task with compensationTime 0ms
[2018-12-19 15:58:47.981] [Eureka-EvictionTimer] INFO com.netflix.eureka.registry.AbstractInstanceRegistry$EvictionTask Eureka-EvictionTimer, - Running the evict task with compensationTime 1ms
[2018-12-19 15:58:57.973] [Eureka-EvictionTimer] INFO com.netflix.eureka.registry.AbstractInstanceRegistry$EvictionTask Eureka-EvictionTimer, - Running the evict task with compensationTime 0ms
[2018-12-19 15:59:47.981] [Eureka-EvictionTimer] INFO com.netflix.eureka.registry.AbstractInstanceRegistry$EvictionTask Eureka-EvictionTimer, - Running the evict task with compensationTime 0ms
[2018-12-19 15:59:57.973] [Eureka-EvictionTimer] INFO com.netflix.eureka.registry.AbstractInstanceRegistry$EvictionTask Eureka-EvictionTimer, - Running the evict task with compensationTime 0ms
[2018-12-19 16:00:47.982] [Eureka-EvictionTimer] INFO com.netflix.eureka.registry.AbstractInstanceRegistry$EvictionTask Eureka-EvictionTimer, - Running the evict task with compensationTime 1ms
[2018-12-19 16:00:57.973] [Eureka-EvictionTimer] INFO com.netflix.eureka.registry.AbstractInstanceRegistry$EvictionTask Eureka-EvictionTimer, - Running the evict task with compensationTime 0ms
[2018-12-19 16:01:47.983] [Eureka-EvictionTimer] INFO com.netflix.eureka.registry.AbstractInstanceRegistry$EvictionTask Eureka-EvictionTimer, - Running the evict task with compensationTime 0ms
[2018-12-19 16:01:57.974] [Eureka-EvictionTimer] INFO com.netflix.eureka.registry.AbstractInstanceRegistry$EvictionTask Eureka-EvictionTimer, - Running the evict task with compensationTime 0ms
[2018-12-19 16:02:47.983] [Eureka-EvictionTimer] INFO com.netflix.eureka.registry.AbstractInstanceRegistry$EvictionTask Eureka-EvictionTimer, - Running the evict task with compensationTime 0ms
[2018-12-19 16:02:57.975] [Eureka-EvictionTimer] INFO com.netflix.eureka.registry.AbstractInstanceRegistry$EvictionTask Eureka-EvictionTimer, - Running the evict task with compensationTime 0ms
[2018-12-19 16:03:47.308] [ReplicaAwareInstanceRegistry - RenewalThresholdUpdater] INFO com.netflix.eureka.registry.PeerAwareInstanceRegistryImpl ReplicaAwareInstanceRegistry - RenewalThresholdUpdater, - Current renewal threshold is : 3
[2018-12-19 16:03:47.983] [Eureka-EvictionTimer] INFO com.netflix.eureka.registry.AbstractInstanceRegistry$EvictionTask Eureka-EvictionTimer, - Running the evict task with compensationTime 0ms
[2018-12-19 16:03:57.441] [ReplicaAwareInstanceRegistry - RenewalThresholdUpdater] INFO com.netflix.eureka.registry.PeerAwareInstanceRegistryImpl ReplicaAwareInstanceRegistry - RenewalThresholdUpdater, - Current renewal threshold is : 3
[2018-12-19 16:03:57.976] [Eureka-EvictionTimer] INFO com.netflix.eureka.registry.AbstractInstanceRegistry$EvictionTask Eureka-EvictionTimer, - Running the evict task with compensationTime 1ms
[2018-12-19 16:04:47.983] [Eureka-EvictionTimer] INFO com.netflix.eureka.registry.AbstractInstanceRegistry$EvictionTask Eureka-EvictionTimer, - Running the evict task with compensationTime 0ms
[2018-12-19 16:04:57.976] [Eureka-EvictionTimer] INFO com.netflix.eureka.registry.AbstractInstanceRegistry$EvictionTask Eureka-EvictionTimer, - Running the evict task with compensationTime 0ms
[2018-12-19 16:05:47.984] [Eureka-EvictionTimer] INFO com.netflix.eureka.registry.AbstractInstanceRegistry$EvictionTask Eureka-EvictionTimer, - Running the evict task with compensationTime 0ms
[2018-12-19 16:05:57.976] [Eureka-EvictionTimer] INFO com.netflix.eureka.registry.AbstractInstanceRegistry$EvictionTask Eureka-EvictionTimer, - Running the evict task with compensationTime 0ms
[2018-12-19 16:06:47.985] [Eureka-EvictionTimer] INFO com.netflix.eureka.registry.AbstractInstanceRegistry$EvictionTask Eureka-EvictionTimer, - Running the evict task with compensationTime 1ms
[2018-12-19 16:06:57.976] [Eureka-EvictionTimer] INFO com.netflix.eureka.registry.AbstractInstanceRegistry$EvictionTask Eureka-EvictionTimer, - Running the evict task with compensationTime 0ms
[2018-12-19 16:07:47.991] [Eureka-EvictionTimer] INFO com.netflix.eureka.registry.AbstractInstanceRegistry$EvictionTask Eureka-EvictionTimer, - Running the evict task with compensationTime 5ms
[2018-12-19 16:07:58.025] [Eureka-EvictionTimer] INFO com.netflix.eureka.registry.AbstractInstanceRegistry$EvictionTask Eureka-EvictionTimer, - Running the evict task with compensationTime 48ms
[2018-12-19 16:08:48.056] [Eureka-EvictionTimer] INFO com.netflix.eureka.registry.AbstractInstanceRegistry$EvictionTask Eureka-EvictionTimer, - Running the evict task with compensationTime 65ms
[2018-12-19 16:08:58.558] [Eureka-EvictionTimer] INFO com.netflix.eureka.registry.AbstractInstanceRegistry$EvictionTask Eureka-EvictionTimer, - Running the evict task with compensationTime 532ms
[2018-12-19 16:09:48.175] [Eureka-EvictionTimer] INFO com.netflix.eureka.registry.AbstractInstanceRegistry$EvictionTask Eureka-EvictionTimer, - Running the evict task with compensationTime 118ms
[2018-12-19 16:09:58.598] [Eureka-EvictionTimer] INFO com.netflix.eureka.registry.AbstractInstanceRegistry$EvictionTask Eureka-EvictionTimer, - Running the evict task with compensationTime 39ms
[2018-12-19 16:10:48.175] [Eureka-EvictionTimer] INFO com.netflix.eureka.registry.AbstractInstanceRegistry$EvictionTask Eureka-EvictionTimer, - Running the evict task with compensationTime 0ms
[2018-12-19 16:10:58.621] [Eureka-EvictionTimer] INFO com.netflix.eureka.registry.AbstractInstanceRegistry$EvictionTask Eureka-EvictionTimer, - Running the evict task with compensationTime 24ms
[2018-12-19 16:11:48.175] [Eureka-EvictionTimer] INFO com.netflix.eureka.registry.AbstractInstanceRegistry$EvictionTask Eureka-EvictionTimer, - Running the evict task with compensationTime 0ms
[2018-12-19 16:11:58.622] [Eureka-EvictionTimer] INFO com.netflix.eureka.registry.AbstractInstanceRegistry$EvictionTask Eureka-EvictionTimer, - Running the evict task with compensationTime 0ms
[2018-12-19 16:12:48.176] [Eureka-EvictionTimer] INFO com.netflix.eureka.registry.AbstractInstanceRegistry$EvictionTask Eureka-EvictionTimer, - Running the evict task with compensationTime 0ms
[2018-12-19 16:12:52.382] [Thread-15] INFO org.springframework.cloud.netflix.eureka.serviceregistry.EurekaServiceRegistry Thread-15, - Unregistering application SBC-SERVICE-CENTER with eureka with status DOWN
[2018-12-19 16:12:52.447] [Thread-15] INFO com.netflix.eureka.DefaultEurekaServerContext Thread-15, - Shutting down ...
[2018-12-19 16:12:52.472] [Thread-15] INFO com.netflix.eureka.DefaultEurekaServerContext Thread-15, - Shut down
[2018-12-19 16:12:52.497] [Thread-15] INFO org.springframework.scheduling.concurrent.ExecutorConfigurationSupport Thread-15, - Shutting down ExecutorService 'applicationTaskExecutor'
[2018-12-19 16:12:52.540] [Thread-15] INFO com.netflix.discovery.DiscoveryClient Thread-15, - Shutting down DiscoveryClient ...
[2018-12-19 16:12:52.542] [Thread-15] INFO com.netflix.discovery.DiscoveryClient Thread-15, - Completed shut down of DiscoveryClient
[2018-12-19 16:12:56.626] [Thread-15] INFO org.springframework.cloud.netflix.eureka.serviceregistry.EurekaServiceRegistry Thread-15, - Unregistering application SBC-SERVICE-CENTER with eureka with status DOWN
[2018-12-19 16:12:56.804] [Thread-15] INFO com.netflix.eureka.DefaultEurekaServerContext Thread-15, - Shutting down ...
[2018-12-19 16:12:56.856] [Thread-15] INFO com.netflix.eureka.DefaultEurekaServerContext Thread-15, - Shut down
[2018-12-19 16:12:56.881] [Thread-15] INFO org.springframework.scheduling.concurrent.ExecutorConfigurationSupport Thread-15, - Shutting down ExecutorService 'applicationTaskExecutor'
[2018-12-19 16:12:56.939] [Thread-15] INFO com.netflix.discovery.DiscoveryClient Thread-15, - Shutting down DiscoveryClient ...
[2018-12-19 16:12:56.940] [Thread-15] INFO com.netflix.discovery.DiscoveryClient Thread-15, - Completed shut down of DiscoveryClient
[2018-12-19 16:15:09.935] [main] INFO org.springframework.context.support.PostProcessorRegistrationDelegate$BeanPostProcessorChecker main, - Bean 'org.springframework.cloud.autoconfigure.ConfigurationPropertiesRebinderAutoConfiguration' of type [org.springframework.cloud.autoconfigure.ConfigurationPropertiesRebinderAutoConfiguration$$EnhancerBySpringCGLIB$$c6a3581] is not eligible for getting processed by all BeanPostProcessors (for example: not eligible for auto-proxying)
[2018-12-19 16:15:11.162] [main] INFO org.springframework.boot.SpringApplication main, - The following profiles are active: node1
[2018-12-19 16:15:14.491] [main] INFO org.springframework.cloud.context.scope.GenericScope main, - BeanFactory id=22eddef2-2828-34b5-a2ca-ed44af914bee
[2018-12-19 16:15:15.399] [main] INFO org.springframework.context.support.PostProcessorRegistrationDelegate$BeanPostProcessorChecker main, - Bean 'org.springframework.cloud.autoconfigure.ConfigurationPropertiesRebinderAutoConfiguration' of type [org.springframework.cloud.autoconfigure.ConfigurationPropertiesRebinderAutoConfiguration$$EnhancerBySpringCGLIB$$c6a3581] is not eligible for getting processed by all BeanPostProcessors (for example: not eligible for auto-proxying)
[2018-12-19 16:15:17.530] [main] INFO org.springframework.boot.web.embedded.tomcat.TomcatWebServer main, - Tomcat initialized with port(s): 8888 (http)
[2018-12-19 16:15:17.724] [main] INFO org.apache.juli.logging.DirectJDKLog main, - Starting service [Tomcat]
[2018-12-19 16:15:17.826] [main] INFO org.apache.juli.logging.DirectJDKLog main, - Starting Servlet Engine: Apache Tomcat/9.0.13
[2018-12-19 16:15:17.871] [main] INFO org.apache.juli.logging.DirectJDKLog main, - The APR based Apache Tomcat Native library which allows optimal performance in production environments was not found on the java.library.path: [C:\ProgramData\Oracle\Java\javapath;C:\WINDOWS\Sun\Java\bin;C:\WINDOWS\system32;C:\WINDOWS;C:\Program Files\Docker\Docker\Resources\bin;C:\ProgramData\Oracle\Java\javapath;C:\Windows\system32;C:\Windows;C:\Windows\System32\Wbem;C:\Windows\System32\WindowsPowerShell\v1.0\;C:\Program Files (x86)\NVIDIA Corporation\PhysX\Common;C:\Program Files\Intel\WiFi\bin\;C:\Program Files\Common Files\Intel\WirelessCommon\;$JAVA_HOME\bin;$JAVA_HOME\dt.jar;$JAVA_HOME\tools.jar;C:\Program Files\TortoiseSVN\bin;C:\Program Files\Git\cmd;C:\Program Files\dotnet\;C:\WINDOWS\system32;C:\WINDOWS;C:\WINDOWS\System32\Wbem;C:\WINDOWS\System32\WindowsPowerShell\v1.0\;C:\Program Files (x86)\GtkSharp\2.12\bin;C:\Program Files\PuTTY\;C:\WINDOWS\System32\OpenSSH\;C:\Program Files\Microsoft VS Code\bin;C:\apache-maven-3.5.4\bin;C:\Program Files\Microsoft SQL Server\130\Tools\Binn\;C:\Users\robbie\AppData\Local\Microsoft\WindowsApps;C:\Python27\python.exe;C:\Python27;C:\Program Files\Microsoft VS Code\bin;C:\Users\robbie\AppData\Local\Microsoft\WindowsApps;;C:\Program Files\JetBrains\IntelliJ IDEA 2018.3\bin;;.]
[2018-12-19 16:15:18.314] [main] INFO org.apache.juli.logging.DirectJDKLog main, - Initializing Spring embedded WebApplicationContext
[2018-12-19 16:15:18.357] [main] INFO org.springframework.boot.web.servlet.context.ServletWebServerApplicationContext main, - Root WebApplicationContext: initialization completed in 7119 ms
[2018-12-19 16:15:18.807] [main] INFO com.netflix.config.sources.URLConfigurationSource main, - To enable URLs as dynamic configuration sources, define System property archaius.configurationSource.additionalUrls or make config.properties available on classpath.
[2018-12-19 16:15:18.872] [main] INFO com.netflix.config.DynamicPropertyFactory main, - DynamicPropertyFactory is initialized with configuration sources: com.netflix.config.ConcurrentCompositeConfiguration@127a7a2e
[2018-12-19 16:15:18.904] [main] INFO org.springframework.context.support.PostProcessorRegistrationDelegate$BeanPostProcessorChecker main, - Bean 'org.springframework.cloud.autoconfigure.ConfigurationPropertiesRebinderAutoConfiguration' of type [org.springframework.cloud.autoconfigure.ConfigurationPropertiesRebinderAutoConfiguration$$EnhancerBySpringCGLIB$$28359bcb] is not eligible for getting processed by all BeanPostProcessors (for example: not eligible for auto-proxying)
[2018-12-19 16:15:20.721] [main] INFO org.springframework.boot.SpringApplication main, - The following profiles are active: node2
[2018-12-19 16:15:22.055] [main] INFO com.sun.jersey.server.impl.application.WebApplicationImpl main, - Initiating Jersey application, version 'Jersey: 1.19 02/11/2015 05:39 AM'
[2018-12-19 16:15:22.370] [main] INFO com.netflix.discovery.provider.DiscoveryJerseyProvider main, - Using JSON encoding codec LegacyJacksonJson
[2018-12-19 16:15:22.434] [main] INFO com.netflix.discovery.provider.DiscoveryJerseyProvider main, - Using JSON decoding codec LegacyJacksonJson
[2018-12-19 16:15:23.017] [main] INFO com.netflix.discovery.provider.DiscoveryJerseyProvider main, - Using XML encoding codec XStreamXml
[2018-12-19 16:15:23.084] [main] INFO com.netflix.discovery.provider.DiscoveryJerseyProvider main, - Using XML decoding codec XStreamXml
[2018-12-19 16:15:24.968] [main] INFO com.netflix.config.sources.URLConfigurationSource main, - To enable URLs as dynamic configuration sources, define System property archaius.configurationSource.additionalUrls or make config.properties available on classpath.
[2018-12-19 16:15:25.866] [main] INFO org.springframework.scheduling.concurrent.ExecutorConfigurationSupport main, - Initializing ExecutorService 'applicationTaskExecutor'
[2018-12-19 16:15:26.121] [main] INFO org.springframework.cloud.context.scope.GenericScope main, - BeanFactory id=22eddef2-2828-34b5-a2ca-ed44af914bee
[2018-12-19 16:15:26.934] [main] INFO org.springframework.context.support.PostProcessorRegistrationDelegate$BeanPostProcessorChecker main, - Bean 'org.springframework.cloud.autoconfigure.ConfigurationPropertiesRebinderAutoConfiguration' of type [org.springframework.cloud.autoconfigure.ConfigurationPropertiesRebinderAutoConfiguration$$EnhancerBySpringCGLIB$$28359bcb] is not eligible for getting processed by all BeanPostProcessors (for example: not eligible for auto-proxying)
[2018-12-19 16:15:30.001] [main] INFO org.springframework.boot.web.embedded.tomcat.TomcatWebServer main, - Tomcat initialized with port(s): 9999 (http)
[2018-12-19 16:15:30.062] [main] INFO org.apache.juli.logging.DirectJDKLog main, - Starting service [Tomcat]
[2018-12-19 16:15:30.070] [main] INFO org.apache.juli.logging.DirectJDKLog main, - Starting Servlet Engine: Apache Tomcat/9.0.13
[2018-12-19 16:15:30.114] [main] INFO org.apache.juli.logging.DirectJDKLog main, - The APR based Apache Tomcat Native library which allows optimal performance in production environments was not found on the java.library.path: [C:\ProgramData\Oracle\Java\javapath;C:\WINDOWS\Sun\Java\bin;C:\WINDOWS\system32;C:\WINDOWS;C:\Program Files\Docker\Docker\Resources\bin;C:\ProgramData\Oracle\Java\javapath;C:\Windows\system32;C:\Windows;C:\Windows\System32\Wbem;C:\Windows\System32\WindowsPowerShell\v1.0\;C:\Program Files (x86)\NVIDIA Corporation\PhysX\Common;C:\Program Files\Intel\WiFi\bin\;C:\Program Files\Common Files\Intel\WirelessCommon\;$JAVA_HOME\bin;$JAVA_HOME\dt.jar;$JAVA_HOME\tools.jar;C:\Program Files\TortoiseSVN\bin;C:\Program Files\Git\cmd;C:\Program Files\dotnet\;C:\WINDOWS\system32;C:\WINDOWS;C:\WINDOWS\System32\Wbem;C:\WINDOWS\System32\WindowsPowerShell\v1.0\;C:\Program Files (x86)\GtkSharp\2.12\bin;C:\Program Files\PuTTY\;C:\WINDOWS\System32\OpenSSH\;C:\Program Files\Microsoft VS Code\bin;C:\apache-maven-3.5.4\bin;C:\Program Files\Microsoft SQL Server\130\Tools\Binn\;C:\Users\robbie\AppData\Local\Microsoft\WindowsApps;C:\Python27\python.exe;C:\Python27;C:\Program Files\Microsoft VS Code\bin;C:\Users\robbie\AppData\Local\Microsoft\WindowsApps;;C:\Program Files\JetBrains\IntelliJ IDEA 2018.3\bin;;.]
[2018-12-19 16:15:30.750] [main] INFO org.apache.juli.logging.DirectJDKLog main, - Initializing Spring embedded WebApplicationContext
[2018-12-19 16:15:30.753] [main] INFO org.springframework.boot.web.servlet.context.ServletWebServerApplicationContext main, - Root WebApplicationContext: initialization completed in 9990 ms
[2018-12-19 16:15:31.267] [main] INFO org.springframework.cloud.netflix.eureka.InstanceInfoFactory main, - Setting initial instance status as: STARTING
[2018-12-19 16:15:31.280] [main] INFO com.netflix.config.sources.URLConfigurationSource main, - To enable URLs as dynamic configuration sources, define System property archaius.configurationSource.additionalUrls or make config.properties available on classpath.
[2018-12-19 16:15:31.383] [main] INFO com.netflix.config.DynamicPropertyFactory main, - DynamicPropertyFactory is initialized with configuration sources: com.netflix.config.ConcurrentCompositeConfiguration@a82c5f1
[2018-12-19 16:15:31.383] [main] INFO com.netflix.discovery.DiscoveryClient main, - Initializing Eureka in region us-east-1
[2018-12-19 16:15:31.387] [main] INFO com.netflix.discovery.DiscoveryClient main, - Client configured to neither register nor query for data.
[2018-12-19 16:15:31.470] [main] INFO com.netflix.discovery.DiscoveryClient main, - Discovery Client initialized at timestamp 1545207331468 with initial instances count: 0
[2018-12-19 16:15:31.632] [main] INFO com.netflix.eureka.DefaultEurekaServerContext main, - Initializing ...
[2018-12-19 16:15:31.730] [main] INFO com.netflix.eureka.cluster.PeerEurekaNodes main, - Adding new peer nodes [http://node2:9999/eureka/]
[2018-12-19 16:15:33.638] [main] INFO com.netflix.discovery.provider.DiscoveryJerseyProvider main, - Using JSON encoding codec LegacyJacksonJson
[2018-12-19 16:15:33.640] [main] INFO com.netflix.discovery.provider.DiscoveryJerseyProvider main, - Using JSON decoding codec LegacyJacksonJson
[2018-12-19 16:15:33.642] [main] INFO com.netflix.discovery.provider.DiscoveryJerseyProvider main, - Using XML encoding codec XStreamXml
[2018-12-19 16:15:33.643] [main] INFO com.netflix.discovery.provider.DiscoveryJerseyProvider main, - Using XML decoding codec XStreamXml
[2018-12-19 16:15:33.961] [main] INFO com.netflix.eureka.cluster.PeerEurekaNodes main, - Replica node URL:  http://node2:9999/eureka/
[2018-12-19 16:15:33.986] [main] INFO com.netflix.eureka.registry.AbstractInstanceRegistry main, - Finished initializing remote region registries. All known remote regions: []
[2018-12-19 16:15:34.011] [main] INFO com.netflix.eureka.DefaultEurekaServerContext main, - Initialized
[2018-12-19 16:15:34.063] [main] INFO org.springframework.boot.actuate.endpoint.web.EndpointLinksResolver main, - Exposing 2 endpoint(s) beneath base path '/actuator'
[2018-12-19 16:15:34.436] [main] INFO org.springframework.cloud.netflix.eureka.serviceregistry.EurekaServiceRegistry main, - Registering application SBC-SERVICE-CENTER with eureka with status UP
[2018-12-19 16:15:34.485] [Thread-13] INFO org.springframework.cloud.netflix.eureka.server.EurekaServerBootstrap Thread-13, - Setting the eureka configuration..
[2018-12-19 16:15:34.507] [Thread-13] INFO org.springframework.cloud.netflix.eureka.server.EurekaServerBootstrap Thread-13, - Eureka data center value eureka.datacenter is not set, defaulting to default
[2018-12-19 16:15:34.539] [Thread-13] INFO org.springframework.cloud.netflix.eureka.server.EurekaServerBootstrap Thread-13, - Eureka environment value eureka.environment is not set, defaulting to test
[2018-12-19 16:15:34.593] [Thread-13] INFO org.springframework.cloud.netflix.eureka.server.EurekaServerBootstrap Thread-13, - isAws returned false
[2018-12-19 16:15:34.619] [Thread-13] INFO org.springframework.cloud.netflix.eureka.server.EurekaServerBootstrap Thread-13, - Initialized server context
[2018-12-19 16:15:34.630] [Thread-13] INFO com.netflix.eureka.registry.PeerAwareInstanceRegistryImpl Thread-13, - Got 1 instances from neighboring DS node
[2018-12-19 16:15:34.639] [Thread-13] INFO com.netflix.eureka.registry.PeerAwareInstanceRegistryImpl Thread-13, - Renew threshold is: 1
[2018-12-19 16:15:34.648] [Thread-13] INFO com.netflix.eureka.registry.PeerAwareInstanceRegistryImpl Thread-13, - Changing status to UP
[2018-12-19 16:15:34.699] [Thread-13] INFO org.springframework.cloud.netflix.eureka.server.EurekaServerInitializerConfiguration$1 Thread-13, - Started Eureka Server
[2018-12-19 16:15:34.732] [main] INFO org.springframework.boot.web.embedded.tomcat.TomcatWebServer main, - Tomcat started on port(s): 8888 (http) with context path ''
[2018-12-19 16:15:34.740] [main] INFO org.springframework.cloud.netflix.eureka.serviceregistry.EurekaAutoServiceRegistration main, - Updating port to 8888
[2018-12-19 16:15:34.748] [main] INFO org.springframework.boot.StartupInfoLogger main, - Started CloudServiceCenterApplication in 27.92 seconds (JVM running for 28.835)
[2018-12-19 16:15:34.798] [main] INFO me.robbie.cloudservicecenter.CloudServiceCenterApplication main, - Cloud service center(Eureka server) is started.
[2018-12-19 16:15:35.430] [main] INFO com.sun.jersey.server.impl.application.WebApplicationImpl main, - Initiating Jersey application, version 'Jersey: 1.19 02/11/2015 05:39 AM'
[2018-12-19 16:15:35.581] [main] INFO com.netflix.discovery.provider.DiscoveryJerseyProvider main, - Using JSON encoding codec LegacyJacksonJson
[2018-12-19 16:15:35.591] [main] INFO com.netflix.discovery.provider.DiscoveryJerseyProvider main, - Using JSON decoding codec LegacyJacksonJson
[2018-12-19 16:15:35.996] [main] INFO com.netflix.discovery.provider.DiscoveryJerseyProvider main, - Using XML encoding codec XStreamXml
[2018-12-19 16:15:35.998] [main] INFO com.netflix.discovery.provider.DiscoveryJerseyProvider main, - Using XML decoding codec XStreamXml
[2018-12-19 16:15:36.769] [main] INFO com.netflix.config.sources.URLConfigurationSource main, - To enable URLs as dynamic configuration sources, define System property archaius.configurationSource.additionalUrls or make config.properties available on classpath.
[2018-12-19 16:15:37.121] [main] INFO org.springframework.scheduling.concurrent.ExecutorConfigurationSupport main, - Initializing ExecutorService 'applicationTaskExecutor'
[2018-12-19 16:15:39.440] [main] INFO org.springframework.cloud.netflix.eureka.InstanceInfoFactory main, - Setting initial instance status as: STARTING
[2018-12-19 16:15:39.539] [main] INFO com.netflix.discovery.DiscoveryClient main, - Initializing Eureka in region us-east-1
[2018-12-19 16:15:39.540] [main] INFO com.netflix.discovery.DiscoveryClient main, - Client configured to neither register nor query for data.
[2018-12-19 16:15:39.580] [main] INFO com.netflix.discovery.DiscoveryClient main, - Discovery Client initialized at timestamp 1545207339578 with initial instances count: 0
[2018-12-19 16:15:39.688] [main] INFO com.netflix.eureka.DefaultEurekaServerContext main, - Initializing ...
[2018-12-19 16:15:39.701] [main] INFO com.netflix.eureka.cluster.PeerEurekaNodes main, - Adding new peer nodes [http://node1:8888/eureka/]
[2018-12-19 16:15:40.738] [main] INFO com.netflix.discovery.provider.DiscoveryJerseyProvider main, - Using JSON encoding codec LegacyJacksonJson
[2018-12-19 16:15:40.742] [main] INFO com.netflix.discovery.provider.DiscoveryJerseyProvider main, - Using JSON decoding codec LegacyJacksonJson
[2018-12-19 16:15:40.744] [main] INFO com.netflix.discovery.provider.DiscoveryJerseyProvider main, - Using XML encoding codec XStreamXml
[2018-12-19 16:15:40.749] [main] INFO com.netflix.discovery.provider.DiscoveryJerseyProvider main, - Using XML decoding codec XStreamXml
[2018-12-19 16:15:41.057] [main] INFO com.netflix.eureka.cluster.PeerEurekaNodes main, - Replica node URL:  http://node1:8888/eureka/
[2018-12-19 16:15:41.097] [main] INFO com.netflix.eureka.registry.AbstractInstanceRegistry main, - Finished initializing remote region registries. All known remote regions: []
[2018-12-19 16:15:41.123] [main] INFO com.netflix.eureka.DefaultEurekaServerContext main, - Initialized
[2018-12-19 16:15:41.171] [main] INFO org.springframework.boot.actuate.endpoint.web.EndpointLinksResolver main, - Exposing 2 endpoint(s) beneath base path '/actuator'
[2018-12-19 16:15:41.891] [main] INFO org.springframework.cloud.netflix.eureka.serviceregistry.EurekaServiceRegistry main, - Registering application SBC-SERVICE-CENTER with eureka with status UP
[2018-12-19 16:15:43.309] [http-nio-8888-exec-10] INFO org.apache.juli.logging.DirectJDKLog http-nio-8888-exec-10, - Error parsing HTTP request header
 Note: further occurrences of HTTP request parsing errors will be logged at DEBUG level.
java.lang.IllegalArgumentException: Invalid character found in method name. HTTP method names must be tokens
	at org.apache.coyote.http11.Http11InputBuffer.parseRequestLine(Http11InputBuffer.java:414)
	at org.apache.coyote.http11.Http11Processor.service(Http11Processor.java:294)
	at org.apache.coyote.AbstractProcessorLight.process(AbstractProcessorLight.java:66)
	at org.apache.coyote.AbstractProtocol$ConnectionHandler.process(AbstractProtocol.java:791)
	at org.apache.tomcat.util.net.NioEndpoint$SocketProcessor.doRun(NioEndpoint.java:1417)
	at org.apache.tomcat.util.net.SocketProcessorBase.run(SocketProcessorBase.java:49)
	at java.util.concurrent.ThreadPoolExecutor.runWorker(Unknown Source)
	at java.util.concurrent.ThreadPoolExecutor$Worker.run(Unknown Source)
	at org.apache.tomcat.util.threads.TaskThread$WrappingRunnable.run(TaskThread.java:61)
	at java.lang.Thread.run(Unknown Source)
[2018-12-19 16:15:43.825] [main] INFO org.springframework.boot.web.embedded.tomcat.TomcatWebServer main, - Tomcat started on port(s): 9999 (http) with context path ''
[2018-12-19 16:15:43.639] [Thread-11] INFO org.springframework.cloud.netflix.eureka.server.EurekaServerBootstrap Thread-11, - Setting the eureka configuration..
[2018-12-19 16:15:43.845] [main] INFO org.springframework.cloud.netflix.eureka.serviceregistry.EurekaAutoServiceRegistration main, - Updating port to 9999
[2018-12-19 16:15:43.849] [Thread-11] INFO org.springframework.cloud.netflix.eureka.server.EurekaServerBootstrap Thread-11, - Eureka data center value eureka.datacenter is not set, defaulting to default
[2018-12-19 16:15:43.865] [Thread-11] INFO org.springframework.cloud.netflix.eureka.server.EurekaServerBootstrap Thread-11, - Eureka environment value eureka.environment is not set, defaulting to test
[2018-12-19 16:15:43.878] [main] INFO org.springframework.boot.StartupInfoLogger main, - Started CloudServiceCenterApplication in 31.406 seconds (JVM running for 33.325)
[2018-12-19 16:15:43.927] [main] INFO me.robbie.cloudservicecenter.CloudServiceCenterApplication main, - Cloud service center(Eureka server) is started.
[2018-12-19 16:15:43.935] [Thread-11] INFO org.springframework.cloud.netflix.eureka.server.EurekaServerBootstrap Thread-11, - isAws returned false
[2018-12-19 16:15:43.950] [Thread-11] INFO org.springframework.cloud.netflix.eureka.server.EurekaServerBootstrap Thread-11, - Initialized server context
[2018-12-19 16:15:43.951] [Thread-11] INFO com.netflix.eureka.registry.PeerAwareInstanceRegistryImpl Thread-11, - Got 1 instances from neighboring DS node
[2018-12-19 16:15:43.953] [Thread-11] INFO com.netflix.eureka.registry.PeerAwareInstanceRegistryImpl Thread-11, - Renew threshold is: 1
[2018-12-19 16:15:43.954] [Thread-11] INFO com.netflix.eureka.registry.PeerAwareInstanceRegistryImpl Thread-11, - Changing status to UP
[2018-12-19 16:15:43.977] [Thread-11] INFO org.springframework.cloud.netflix.eureka.server.EurekaServerInitializerConfiguration$1 Thread-11, - Started Eureka Server
[2018-12-19 16:15:56.771] [http-nio-8888-exec-8] INFO org.apache.juli.logging.DirectJDKLog http-nio-8888-exec-8, - Initializing Spring DispatcherServlet 'dispatcherServlet'
[2018-12-19 16:15:56.892] [http-nio-8888-exec-8] INFO org.springframework.web.servlet.FrameworkServlet http-nio-8888-exec-8, - Initializing Servlet 'dispatcherServlet'
[2018-12-19 16:15:56.967] [http-nio-8888-exec-8] INFO org.springframework.web.servlet.FrameworkServlet http-nio-8888-exec-8, - Completed initialization in 28 ms
[2018-12-19 16:15:57.669] [http-nio-8888-exec-5] INFO com.netflix.eureka.registry.AbstractInstanceRegistry http-nio-8888-exec-5, - Registered instance DEMO-SERVICE/DESKTOP-TD72BNQ.mshome.net:demo-service:8181 with status UP (replication=false)
[2018-12-19 16:15:59.838] [http-nio-9999-exec-10] INFO org.apache.juli.logging.DirectJDKLog http-nio-9999-exec-10, - Initializing Spring DispatcherServlet 'dispatcherServlet'
[2018-12-19 16:15:59.841] [http-nio-9999-exec-10] INFO org.springframework.web.servlet.FrameworkServlet http-nio-9999-exec-10, - Initializing Servlet 'dispatcherServlet'
[2018-12-19 16:15:59.916] [http-nio-9999-exec-10] INFO org.springframework.web.servlet.FrameworkServlet http-nio-9999-exec-10, - Completed initialization in 73 ms
[2018-12-19 16:16:00.592] [http-nio-9999-exec-10] INFO com.netflix.eureka.registry.AbstractInstanceRegistry http-nio-9999-exec-10, - Registered instance DEMO-SERVICE/DESKTOP-TD72BNQ.mshome.net:demo-service:8181 with status UP (replication=true)
[2018-12-19 16:16:00.937] [http-nio-9999-exec-9] INFO com.netflix.eureka.registry.AbstractInstanceRegistry http-nio-9999-exec-9, - Registered instance DEMO-SERVICE/DESKTOP-TD72BNQ.mshome.net:demo-service:8181 with status UP (replication=true)
[2018-12-19 16:16:03.957] [http-nio-8888-exec-3] INFO com.netflix.eureka.registry.AbstractInstanceRegistry http-nio-8888-exec-3, - Registered instance DEMO-SERVICE/DESKTOP-TD72BNQ.mshome.net:demo-service:8181 with status UP (replication=false)
[2018-12-19 16:16:04.312] [http-nio-8888-exec-2] INFO com.netflix.eureka.registry.AbstractInstanceRegistry http-nio-8888-exec-2, - Registered instance DEMO-SERVICE/DESKTOP-TD72BNQ.mshome.net:demo-service:8181 with status DOWN (replication=false)
[2018-12-19 16:16:04.325] [http-nio-8888-exec-10] INFO com.netflix.eureka.registry.AbstractInstanceRegistry http-nio-8888-exec-10, - Cancelled instance DEMO-SERVICE/DESKTOP-TD72BNQ.mshome.net:demo-service:8181 (replication=false)
[2018-12-19 16:16:04.836] [http-nio-9999-exec-8] INFO com.netflix.eureka.registry.AbstractInstanceRegistry http-nio-9999-exec-8, - Registered instance DEMO-SERVICE/DESKTOP-TD72BNQ.mshome.net:demo-service:8181 with status DOWN (replication=true)
[2018-12-19 16:16:04.842] [http-nio-9999-exec-8] INFO com.netflix.eureka.registry.AbstractInstanceRegistry http-nio-9999-exec-8, - Cancelled instance DEMO-SERVICE/DESKTOP-TD72BNQ.mshome.net:demo-service:8181 (replication=true)
[2018-12-19 16:16:24.460] [http-nio-8888-exec-8] INFO com.netflix.eureka.registry.AbstractInstanceRegistry http-nio-8888-exec-8, - Registered instance DEMO-SERVICE/DESKTOP-TD72BNQ.mshome.net:demo-service:8181 with status DOWN (replication=false)
[2018-12-19 16:16:24.967] [http-nio-9999-exec-3] INFO com.netflix.eureka.registry.AbstractInstanceRegistry http-nio-9999-exec-3, - Registered instance DEMO-SERVICE/DESKTOP-TD72BNQ.mshome.net:demo-service:8181 with status DOWN (replication=true)
[2018-12-19 16:16:27.576] [http-nio-8888-exec-1] INFO com.netflix.eureka.registry.AbstractInstanceRegistry http-nio-8888-exec-1, - Cancelled instance DEMO-SERVICE/DESKTOP-TD72BNQ.mshome.net:demo-service:8181 (replication=false)
[2018-12-19 16:16:28.088] [http-nio-9999-exec-4] INFO com.netflix.eureka.registry.AbstractInstanceRegistry http-nio-9999-exec-4, - Cancelled instance DEMO-SERVICE/DESKTOP-TD72BNQ.mshome.net:demo-service:8181 (replication=true)
[2018-12-19 16:16:34.669] [Eureka-EvictionTimer] INFO com.netflix.eureka.registry.AbstractInstanceRegistry$EvictionTask Eureka-EvictionTimer, - Running the evict task with compensationTime 0ms
[2018-12-19 16:16:43.957] [Eureka-EvictionTimer] INFO com.netflix.eureka.registry.AbstractInstanceRegistry$EvictionTask Eureka-EvictionTimer, - Running the evict task with compensationTime 0ms
[2018-12-19 16:16:51.983] [http-nio-8888-exec-7] INFO com.netflix.eureka.registry.AbstractInstanceRegistry http-nio-8888-exec-7, - Registered instance DEMO-SERVICE/DESKTOP-TD72BNQ.mshome.net:demo-service:8181 with status UP (replication=false)
[2018-12-19 16:16:52.498] [http-nio-9999-exec-2] INFO com.netflix.eureka.registry.AbstractInstanceRegistry http-nio-9999-exec-2, - Registered instance DEMO-SERVICE/DESKTOP-TD72BNQ.mshome.net:demo-service:8181 with status UP (replication=true)
[2018-12-19 16:17:34.669] [Eureka-EvictionTimer] INFO com.netflix.eureka.registry.AbstractInstanceRegistry$EvictionTask Eureka-EvictionTimer, - Running the evict task with compensationTime 0ms
[2018-12-19 16:17:43.958] [Eureka-EvictionTimer] INFO com.netflix.eureka.registry.AbstractInstanceRegistry$EvictionTask Eureka-EvictionTimer, - Running the evict task with compensationTime 0ms
[2018-12-19 16:18:34.670] [Eureka-EvictionTimer] INFO com.netflix.eureka.registry.AbstractInstanceRegistry$EvictionTask Eureka-EvictionTimer, - Running the evict task with compensationTime 0ms
[2018-12-19 16:18:43.958] [Eureka-EvictionTimer] INFO com.netflix.eureka.registry.AbstractInstanceRegistry$EvictionTask Eureka-EvictionTimer, - Running the evict task with compensationTime 0ms
[2018-12-19 16:19:34.670] [Eureka-EvictionTimer] INFO com.netflix.eureka.registry.AbstractInstanceRegistry$EvictionTask Eureka-EvictionTimer, - Running the evict task with compensationTime 0ms
[2018-12-19 16:19:43.959] [Eureka-EvictionTimer] INFO com.netflix.eureka.registry.AbstractInstanceRegistry$EvictionTask Eureka-EvictionTimer, - Running the evict task with compensationTime 0ms
[2018-12-19 16:20:34.671] [Eureka-EvictionTimer] INFO com.netflix.eureka.registry.AbstractInstanceRegistry$EvictionTask Eureka-EvictionTimer, - Running the evict task with compensationTime 0ms
[2018-12-19 16:20:43.960] [Eureka-EvictionTimer] INFO com.netflix.eureka.registry.AbstractInstanceRegistry$EvictionTask Eureka-EvictionTimer, - Running the evict task with compensationTime 0ms
[2018-12-19 16:21:34.671] [Eureka-EvictionTimer] INFO com.netflix.eureka.registry.AbstractInstanceRegistry$EvictionTask Eureka-EvictionTimer, - Running the evict task with compensationTime 0ms
[2018-12-19 16:21:43.961] [Eureka-EvictionTimer] INFO com.netflix.eureka.registry.AbstractInstanceRegistry$EvictionTask Eureka-EvictionTimer, - Running the evict task with compensationTime 0ms
[2018-12-19 16:22:34.671] [Eureka-EvictionTimer] INFO com.netflix.eureka.registry.AbstractInstanceRegistry$EvictionTask Eureka-EvictionTimer, - Running the evict task with compensationTime 0ms
[2018-12-19 16:22:43.961] [Eureka-EvictionTimer] INFO com.netflix.eureka.registry.AbstractInstanceRegistry$EvictionTask Eureka-EvictionTimer, - Running the evict task with compensationTime 0ms
[2018-12-19 16:23:34.672] [Eureka-EvictionTimer] INFO com.netflix.eureka.registry.AbstractInstanceRegistry$EvictionTask Eureka-EvictionTimer, - Running the evict task with compensationTime 0ms
[2018-12-19 16:23:43.961] [Eureka-EvictionTimer] INFO com.netflix.eureka.registry.AbstractInstanceRegistry$EvictionTask Eureka-EvictionTimer, - Running the evict task with compensationTime 0ms
[2018-12-19 16:23:53.873] [http-nio-8888-exec-8] INFO org.apache.juli.logging.DirectJDKLog http-nio-8888-exec-8, - Error parsing HTTP request header
 Note: further occurrences of HTTP request parsing errors will be logged at DEBUG level.
java.lang.IllegalArgumentException: Invalid character found in method name. HTTP method names must be tokens
	at org.apache.coyote.http11.Http11InputBuffer.parseRequestLine(Http11InputBuffer.java:414)
	at org.apache.coyote.http11.Http11Processor.service(Http11Processor.java:294)
	at org.apache.coyote.AbstractProcessorLight.process(AbstractProcessorLight.java:66)
	at org.apache.coyote.AbstractProtocol$ConnectionHandler.process(AbstractProtocol.java:791)
	at org.apache.tomcat.util.net.NioEndpoint$SocketProcessor.doRun(NioEndpoint.java:1417)
	at org.apache.tomcat.util.net.SocketProcessorBase.run(SocketProcessorBase.java:49)
	at java.util.concurrent.ThreadPoolExecutor.runWorker(Unknown Source)
	at java.util.concurrent.ThreadPoolExecutor$Worker.run(Unknown Source)
	at org.apache.tomcat.util.threads.TaskThread$WrappingRunnable.run(TaskThread.java:61)
	at java.lang.Thread.run(Unknown Source)
[2018-12-19 16:24:34.673] [Eureka-EvictionTimer] INFO com.netflix.eureka.registry.AbstractInstanceRegistry$EvictionTask Eureka-EvictionTimer, - Running the evict task with compensationTime 1ms
[2018-12-19 16:24:43.962] [Eureka-EvictionTimer] INFO com.netflix.eureka.registry.AbstractInstanceRegistry$EvictionTask Eureka-EvictionTimer, - Running the evict task with compensationTime 0ms
[2018-12-19 16:25:34.674] [Eureka-EvictionTimer] INFO com.netflix.eureka.registry.AbstractInstanceRegistry$EvictionTask Eureka-EvictionTimer, - Running the evict task with compensationTime 0ms
[2018-12-19 16:25:43.962] [Eureka-EvictionTimer] INFO com.netflix.eureka.registry.AbstractInstanceRegistry$EvictionTask Eureka-EvictionTimer, - Running the evict task with compensationTime 0ms
[2018-12-19 16:26:34.674] [Eureka-EvictionTimer] INFO com.netflix.eureka.registry.AbstractInstanceRegistry$EvictionTask Eureka-EvictionTimer, - Running the evict task with compensationTime 0ms
[2018-12-19 16:26:43.962] [Eureka-EvictionTimer] INFO com.netflix.eureka.registry.AbstractInstanceRegistry$EvictionTask Eureka-EvictionTimer, - Running the evict task with compensationTime 0ms
[2018-12-19 16:27:34.675] [Eureka-EvictionTimer] INFO com.netflix.eureka.registry.AbstractInstanceRegistry$EvictionTask Eureka-EvictionTimer, - Running the evict task with compensationTime 0ms
[2018-12-19 16:27:43.962] [Eureka-EvictionTimer] INFO com.netflix.eureka.registry.AbstractInstanceRegistry$EvictionTask Eureka-EvictionTimer, - Running the evict task with compensationTime 0ms
[2018-12-19 16:28:34.676] [Eureka-EvictionTimer] INFO com.netflix.eureka.registry.AbstractInstanceRegistry$EvictionTask Eureka-EvictionTimer, - Running the evict task with compensationTime 0ms
[2018-12-19 16:28:43.963] [Eureka-EvictionTimer] INFO com.netflix.eureka.registry.AbstractInstanceRegistry$EvictionTask Eureka-EvictionTimer, - Running the evict task with compensationTime 0ms
[2018-12-19 16:29:34.676] [Eureka-EvictionTimer] INFO com.netflix.eureka.registry.AbstractInstanceRegistry$EvictionTask Eureka-EvictionTimer, - Running the evict task with compensationTime 0ms
[2018-12-19 16:29:43.963] [Eureka-EvictionTimer] INFO com.netflix.eureka.registry.AbstractInstanceRegistry$EvictionTask Eureka-EvictionTimer, - Running the evict task with compensationTime 0ms
[2018-12-19 16:30:33.995] [ReplicaAwareInstanceRegistry - RenewalThresholdUpdater] INFO com.netflix.eureka.registry.PeerAwareInstanceRegistryImpl ReplicaAwareInstanceRegistry - RenewalThresholdUpdater, - Current renewal threshold is : 3
[2018-12-19 16:30:34.676] [Eureka-EvictionTimer] INFO com.netflix.eureka.registry.AbstractInstanceRegistry$EvictionTask Eureka-EvictionTimer, - Running the evict task with compensationTime 0ms
[2018-12-19 16:30:41.116] [ReplicaAwareInstanceRegistry - RenewalThresholdUpdater] INFO com.netflix.eureka.registry.PeerAwareInstanceRegistryImpl ReplicaAwareInstanceRegistry - RenewalThresholdUpdater, - Current renewal threshold is : 3
[2018-12-19 16:30:43.964] [Eureka-EvictionTimer] INFO com.netflix.eureka.registry.AbstractInstanceRegistry$EvictionTask Eureka-EvictionTimer, - Running the evict task with compensationTime 1ms
[2018-12-19 16:31:34.677] [Eureka-EvictionTimer] INFO com.netflix.eureka.registry.AbstractInstanceRegistry$EvictionTask Eureka-EvictionTimer, - Running the evict task with compensationTime 0ms
[2018-12-19 16:31:43.965] [Eureka-EvictionTimer] INFO com.netflix.eureka.registry.AbstractInstanceRegistry$EvictionTask Eureka-EvictionTimer, - Running the evict task with compensationTime 1ms
[2018-12-19 16:32:34.677] [Eureka-EvictionTimer] INFO com.netflix.eureka.registry.AbstractInstanceRegistry$EvictionTask Eureka-EvictionTimer, - Running the evict task with compensationTime 0ms
[2018-12-19 16:32:43.965] [Eureka-EvictionTimer] INFO com.netflix.eureka.registry.AbstractInstanceRegistry$EvictionTask Eureka-EvictionTimer, - Running the evict task with compensationTime 0ms
[2018-12-19 16:33:34.677] [Eureka-EvictionTimer] INFO com.netflix.eureka.registry.AbstractInstanceRegistry$EvictionTask Eureka-EvictionTimer, - Running the evict task with compensationTime 0ms
[2018-12-19 16:33:43.966] [Eureka-EvictionTimer] INFO com.netflix.eureka.registry.AbstractInstanceRegistry$EvictionTask Eureka-EvictionTimer, - Running the evict task with compensationTime 0ms
[2018-12-19 16:34:34.677] [Eureka-EvictionTimer] INFO com.netflix.eureka.registry.AbstractInstanceRegistry$EvictionTask Eureka-EvictionTimer, - Running the evict task with compensationTime 0ms
[2018-12-19 16:34:43.966] [Eureka-EvictionTimer] INFO com.netflix.eureka.registry.AbstractInstanceRegistry$EvictionTask Eureka-EvictionTimer, - Running the evict task with compensationTime 0ms
[2018-12-19 16:35:34.678] [Eureka-EvictionTimer] INFO com.netflix.eureka.registry.AbstractInstanceRegistry$EvictionTask Eureka-EvictionTimer, - Running the evict task with compensationTime 1ms
[2018-12-19 16:35:43.967] [Eureka-EvictionTimer] INFO com.netflix.eureka.registry.AbstractInstanceRegistry$EvictionTask Eureka-EvictionTimer, - Running the evict task with compensationTime 0ms
[2018-12-19 16:36:34.678] [Eureka-EvictionTimer] INFO com.netflix.eureka.registry.AbstractInstanceRegistry$EvictionTask Eureka-EvictionTimer, - Running the evict task with compensationTime 0ms
[2018-12-19 16:36:43.968] [Eureka-EvictionTimer] INFO com.netflix.eureka.registry.AbstractInstanceRegistry$EvictionTask Eureka-EvictionTimer, - Running the evict task with compensationTime 1ms
[2018-12-19 16:37:34.678] [Eureka-EvictionTimer] INFO com.netflix.eureka.registry.AbstractInstanceRegistry$EvictionTask Eureka-EvictionTimer, - Running the evict task with compensationTime 0ms
[2018-12-19 16:37:43.968] [Eureka-EvictionTimer] INFO com.netflix.eureka.registry.AbstractInstanceRegistry$EvictionTask Eureka-EvictionTimer, - Running the evict task with compensationTime 0ms
[2018-12-19 16:38:34.679] [Eureka-EvictionTimer] INFO com.netflix.eureka.registry.AbstractInstanceRegistry$EvictionTask Eureka-EvictionTimer, - Running the evict task with compensationTime 0ms
[2018-12-19 16:38:43.968] [Eureka-EvictionTimer] INFO com.netflix.eureka.registry.AbstractInstanceRegistry$EvictionTask Eureka-EvictionTimer, - Running the evict task with compensationTime 0ms
[2018-12-19 16:39:34.680] [Eureka-EvictionTimer] INFO com.netflix.eureka.registry.AbstractInstanceRegistry$EvictionTask Eureka-EvictionTimer, - Running the evict task with compensationTime 0ms
[2018-12-19 16:39:43.969] [Eureka-EvictionTimer] INFO com.netflix.eureka.registry.AbstractInstanceRegistry$EvictionTask Eureka-EvictionTimer, - Running the evict task with compensationTime 0ms
[2018-12-19 16:40:34.681] [Eureka-EvictionTimer] INFO com.netflix.eureka.registry.AbstractInstanceRegistry$EvictionTask Eureka-EvictionTimer, - Running the evict task with compensationTime 1ms
[2018-12-19 16:40:43.969] [Eureka-EvictionTimer] INFO com.netflix.eureka.registry.AbstractInstanceRegistry$EvictionTask Eureka-EvictionTimer, - Running the evict task with compensationTime 0ms
[2018-12-19 16:41:34.681] [Eureka-EvictionTimer] INFO com.netflix.eureka.registry.AbstractInstanceRegistry$EvictionTask Eureka-EvictionTimer, - Running the evict task with compensationTime 0ms
[2018-12-19 16:41:43.969] [Eureka-EvictionTimer] INFO com.netflix.eureka.registry.AbstractInstanceRegistry$EvictionTask Eureka-EvictionTimer, - Running the evict task with compensationTime 0ms
[2018-12-19 16:42:34.681] [Eureka-EvictionTimer] INFO com.netflix.eureka.registry.AbstractInstanceRegistry$EvictionTask Eureka-EvictionTimer, - Running the evict task with compensationTime 0ms
[2018-12-19 16:42:43.970] [Eureka-EvictionTimer] INFO com.netflix.eureka.registry.AbstractInstanceRegistry$EvictionTask Eureka-EvictionTimer, - Running the evict task with compensationTime 0ms
[2018-12-19 16:43:34.682] [Eureka-EvictionTimer] INFO com.netflix.eureka.registry.AbstractInstanceRegistry$EvictionTask Eureka-EvictionTimer, - Running the evict task with compensationTime 0ms
[2018-12-19 16:43:43.970] [Eureka-EvictionTimer] INFO com.netflix.eureka.registry.AbstractInstanceRegistry$EvictionTask Eureka-EvictionTimer, - Running the evict task with compensationTime 0ms
[2018-12-19 16:44:34.682] [Eureka-EvictionTimer] INFO com.netflix.eureka.registry.AbstractInstanceRegistry$EvictionTask Eureka-EvictionTimer, - Running the evict task with compensationTime 0ms
[2018-12-19 16:44:43.971] [Eureka-EvictionTimer] INFO com.netflix.eureka.registry.AbstractInstanceRegistry$EvictionTask Eureka-EvictionTimer, - Running the evict task with compensationTime 0ms
[2018-12-19 16:45:33.987] [ReplicaAwareInstanceRegistry - RenewalThresholdUpdater] INFO com.netflix.eureka.registry.PeerAwareInstanceRegistryImpl ReplicaAwareInstanceRegistry - RenewalThresholdUpdater, - Current renewal threshold is : 3
[2018-12-19 16:45:34.683] [Eureka-EvictionTimer] INFO com.netflix.eureka.registry.AbstractInstanceRegistry$EvictionTask Eureka-EvictionTimer, - Running the evict task with compensationTime 0ms
[2018-12-19 16:45:41.099] [ReplicaAwareInstanceRegistry - RenewalThresholdUpdater] INFO com.netflix.eureka.registry.PeerAwareInstanceRegistryImpl ReplicaAwareInstanceRegistry - RenewalThresholdUpdater, - Current renewal threshold is : 3
[2018-12-19 16:45:43.971] [Eureka-EvictionTimer] INFO com.netflix.eureka.registry.AbstractInstanceRegistry$EvictionTask Eureka-EvictionTimer, - Running the evict task with compensationTime 0ms
[2018-12-19 16:46:34.683] [Eureka-EvictionTimer] INFO com.netflix.eureka.registry.AbstractInstanceRegistry$EvictionTask Eureka-EvictionTimer, - Running the evict task with compensationTime 0ms
[2018-12-19 16:46:43.971] [Eureka-EvictionTimer] INFO com.netflix.eureka.registry.AbstractInstanceRegistry$EvictionTask Eureka-EvictionTimer, - Running the evict task with compensationTime 0ms
[2018-12-19 16:47:34.685] [Eureka-EvictionTimer] INFO com.netflix.eureka.registry.AbstractInstanceRegistry$EvictionTask Eureka-EvictionTimer, - Running the evict task with compensationTime 1ms
[2018-12-19 16:47:43.971] [Eureka-EvictionTimer] INFO com.netflix.eureka.registry.AbstractInstanceRegistry$EvictionTask Eureka-EvictionTimer, - Running the evict task with compensationTime 0ms
[2018-12-19 16:48:34.686] [Eureka-EvictionTimer] INFO com.netflix.eureka.registry.AbstractInstanceRegistry$EvictionTask Eureka-EvictionTimer, - Running the evict task with compensationTime 1ms
[2018-12-19 16:48:43.972] [Eureka-EvictionTimer] INFO com.netflix.eureka.registry.AbstractInstanceRegistry$EvictionTask Eureka-EvictionTimer, - Running the evict task with compensationTime 0ms
[2018-12-19 16:49:34.687] [Eureka-EvictionTimer] INFO com.netflix.eureka.registry.AbstractInstanceRegistry$EvictionTask Eureka-EvictionTimer, - Running the evict task with compensationTime 1ms
[2018-12-19 16:49:43.973] [Eureka-EvictionTimer] INFO com.netflix.eureka.registry.AbstractInstanceRegistry$EvictionTask Eureka-EvictionTimer, - Running the evict task with compensationTime 1ms
[2018-12-19 16:50:34.688] [Eureka-EvictionTimer] INFO com.netflix.eureka.registry.AbstractInstanceRegistry$EvictionTask Eureka-EvictionTimer, - Running the evict task with compensationTime 0ms
[2018-12-19 16:50:43.974] [Eureka-EvictionTimer] INFO com.netflix.eureka.registry.AbstractInstanceRegistry$EvictionTask Eureka-EvictionTimer, - Running the evict task with compensationTime 1ms
[2018-12-19 16:51:34.688] [Eureka-EvictionTimer] INFO com.netflix.eureka.registry.AbstractInstanceRegistry$EvictionTask Eureka-EvictionTimer, - Running the evict task with compensationTime 0ms
[2018-12-19 16:51:43.975] [Eureka-EvictionTimer] INFO com.netflix.eureka.registry.AbstractInstanceRegistry$EvictionTask Eureka-EvictionTimer, - Running the evict task with compensationTime 0ms
[2018-12-19 16:58:31.757] [Eureka-EvictionTimer] INFO com.netflix.eureka.registry.AbstractInstanceRegistry$EvictionTask Eureka-EvictionTimer, - Running the evict task with compensationTime 357094ms
[2018-12-19 16:58:41.040] [Eureka-EvictionTimer] INFO com.netflix.eureka.registry.AbstractInstanceRegistry$EvictionTask Eureka-EvictionTimer, - Running the evict task with compensationTime 357090ms
[2018-12-19 16:59:31.757] [Eureka-EvictionTimer] INFO com.netflix.eureka.registry.AbstractInstanceRegistry$EvictionTask Eureka-EvictionTimer, - Running the evict task with compensationTime 0ms
[2018-12-19 16:59:41.241] [Eureka-EvictionTimer] INFO com.netflix.eureka.registry.AbstractInstanceRegistry$EvictionTask Eureka-EvictionTimer, - Running the evict task with compensationTime 28ms
[2018-12-19 17:00:31.757] [Eureka-EvictionTimer] INFO com.netflix.eureka.registry.AbstractInstanceRegistry$EvictionTask Eureka-EvictionTimer, - Running the evict task with compensationTime 0ms
[2018-12-19 17:00:41.070] [Eureka-EvictionTimer] INFO com.netflix.eureka.registry.AbstractInstanceRegistry$EvictionTask Eureka-EvictionTimer, - Running the evict task with compensationTime 0ms
[2018-12-19 17:01:31.758] [Eureka-EvictionTimer] INFO com.netflix.eureka.registry.AbstractInstanceRegistry$EvictionTask Eureka-EvictionTimer, - Running the evict task with compensationTime 0ms
[2018-12-19 17:01:41.070] [Eureka-EvictionTimer] INFO com.netflix.eureka.registry.AbstractInstanceRegistry$EvictionTask Eureka-EvictionTimer, - Running the evict task with compensationTime 1ms
[2018-12-19 17:02:31.758] [Eureka-EvictionTimer] INFO com.netflix.eureka.registry.AbstractInstanceRegistry$EvictionTask Eureka-EvictionTimer, - Running the evict task with compensationTime 0ms
[2018-12-19 17:02:41.071] [Eureka-EvictionTimer] INFO com.netflix.eureka.registry.AbstractInstanceRegistry$EvictionTask Eureka-EvictionTimer, - Running the evict task with compensationTime 0ms
